<?xml version="1.0" encoding="UTF-8"?>
<coverage generated="1621808555765" clover="3.2.0">
  <project timestamp="1621808555765" name="All files">
    <metrics statements="35" coveredstatements="35" conditionals="12" coveredconditionals="12" methods="16" coveredmethods="16" elements="63" coveredelements="63" complexity="0" loc="35" ncloc="35" packages="1" files="1" classes="1"/>
    <file name="index.js" path="C:\Users\W10\Desktop\LABORATORIA\prueba1\LIM014-mdlinks\index.js">
      <metrics statements="35" coveredstatements="35" conditionals="12" coveredconditionals="12" methods="16" coveredmethods="16"/>
      <line num="5" count="1" type="stmt"/>
      <line num="6" count="1" type="stmt"/>
      <line num="7" count="1" type="stmt"/>
      <line num="8" count="1" type="stmt"/>
      <line num="12" count="1" type="stmt"/>
      <line num="15" count="4" type="stmt"/>
      <line num="18" count="16" type="stmt"/>
      <line num="19" count="5" type="stmt"/>
      <line num="22" count="5" type="stmt"/>
      <line num="25" count="8" type="stmt"/>
      <line num="29" count="14" type="cond" truecount="4" falsecount="0"/>
      <line num="33" count="1" type="stmt"/>
      <line num="34" count="1" type="stmt"/>
      <line num="35" count="8" type="stmt"/>
      <line num="36" count="11" type="cond" truecount="2" falsecount="0"/>
      <line num="37" count="9" type="cond" truecount="2" falsecount="0"/>
      <line num="38" count="4" type="stmt"/>
      <line num="40" count="2" type="stmt"/>
      <line num="42" count="4" type="stmt"/>
      <line num="46" count="6" type="stmt"/>
      <line num="49" count="1" type="stmt"/>
      <line num="50" count="1" type="stmt"/>
      <line num="51" count="6" type="stmt"/>
      <line num="52" count="6" type="stmt"/>
      <line num="53" count="2" type="stmt"/>
      <line num="54" count="2" type="cond" truecount="2" falsecount="0"/>
      <line num="55" count="1" type="stmt"/>
      <line num="60" count="1" type="stmt"/>
      <line num="63" count="6" type="stmt"/>
      <line num="64" count="2" type="stmt"/>
      <line num="69" count="6" type="stmt"/>
      <line num="70" count="3" type="stmt"/>
      <line num="72" count="2" type="stmt"/>
      <line num="81" count="1" type="stmt"/>
      <line num="99" count="1" type="stmt"/>
    </file>
  </project>
</coverage>
