{"C:\\Users\\Astrid\\Desktop\\LABORATORIA\\PROYECTO_MDLINKS\\LIM014-mdlinks\\index.js": {"path":"C:\\Users\\Astrid\\Desktop\\LABORATORIA\\PROYECTO_MDLINKS\\LIM014-mdlinks\\index.js","statementMap":{"0":{"start":{"line":4,"column":11},"end":{"line":4,"column":24}},"1":{"start":{"line":5,"column":13},"end":{"line":5,"column":28}},"2":{"start":{"line":6,"column":15},"end":{"line":6,"column":32}},"3":{"start":{"line":7,"column":14},"end":{"line":7,"column":35}},"4":{"start":{"line":15,"column":22},"end":{"line":15,"column":58}},"5":{"start":{"line":15,"column":36},"end":{"line":15,"column":58}},"6":{"start":{"line":18,"column":15},"end":{"line":18,"column":59}},"7":{"start":{"line":18,"column":29},"end":{"line":18,"column":59}},"8":{"start":{"line":19,"column":20},"end":{"line":19,"column":69}},"9":{"start":{"line":19,"column":34},"end":{"line":19,"column":69}},"10":{"start":{"line":22,"column":17},"end":{"line":22,"column":54}},"11":{"start":{"line":22,"column":31},"end":{"line":22,"column":54}},"12":{"start":{"line":25,"column":16},"end":{"line":25,"column":54}},"13":{"start":{"line":25,"column":30},"end":{"line":25,"column":54}},"14":{"start":{"line":29,"column":4},"end":{"line":29,"column":135}},"15":{"start":{"line":33,"column":19},"end":{"line":33,"column":21}},"16":{"start":{"line":34,"column":16},"end":{"line":43,"column":1}},"17":{"start":{"line":35,"column":4},"end":{"line":41,"column":6}},"18":{"start":{"line":36,"column":8},"end":{"line":40,"column":50}},"19":{"start":{"line":37,"column":12},"end":{"line":39,"column":13}},"20":{"start":{"line":38,"column":12},"end":{"line":38,"column":51}},"21":{"start":{"line":40,"column":17},"end":{"line":40,"column":48}},"22":{"start":{"line":42,"column":4},"end":{"line":42,"column":21}},"23":{"start":{"line":48,"column":17},"end":{"line":48,"column":66}},"24":{"start":{"line":48,"column":32},"end":{"line":48,"column":65}},"25":{"start":{"line":52,"column":21},"end":{"line":52,"column":23}},"26":{"start":{"line":53,"column":17},"end":{"line":68,"column":1}},"27":{"start":{"line":54,"column":21},"end":{"line":54,"column":42}},"28":{"start":{"line":55,"column":4},"end":{"line":65,"column":5}},"29":{"start":{"line":56,"column":26},"end":{"line":56,"column":45}},"30":{"start":{"line":57,"column":8},"end":{"line":64,"column":5}},"31":{"start":{"line":58,"column":25},"end":{"line":62,"column":7}},"32":{"start":{"line":63,"column":8},"end":{"line":63,"column":35}},"33":{"start":{"line":66,"column":4},"end":{"line":66,"column":44}},"34":{"start":{"line":67,"column":4},"end":{"line":67,"column":23}},"35":{"start":{"line":72,"column":21},"end":{"line":105,"column":1}},"36":{"start":{"line":73,"column":24},"end":{"line":103,"column":2}},"37":{"start":{"line":74,"column":4},"end":{"line":102,"column":6}},"38":{"start":{"line":76,"column":8},"end":{"line":92,"column":9}},"39":{"start":{"line":77,"column":12},"end":{"line":83,"column":13}},"40":{"start":{"line":85,"column":12},"end":{"line":91,"column":13}},"41":{"start":{"line":95,"column":7},"end":{"line":101,"column":7}},"42":{"start":{"line":104,"column":0},"end":{"line":104,"column":31}},"43":{"start":{"line":115,"column":0},"end":{"line":125,"column":1}}},"fnMap":{"0":{"name":"(anonymous_0)","decl":{"start":{"line":15,"column":22},"end":{"line":15,"column":23}},"loc":{"start":{"line":15,"column":36},"end":{"line":15,"column":58}},"line":15},"1":{"name":"(anonymous_1)","decl":{"start":{"line":18,"column":15},"end":{"line":18,"column":16}},"loc":{"start":{"line":18,"column":29},"end":{"line":18,"column":59}},"line":18},"2":{"name":"(anonymous_2)","decl":{"start":{"line":19,"column":20},"end":{"line":19,"column":21}},"loc":{"start":{"line":19,"column":34},"end":{"line":19,"column":69}},"line":19},"3":{"name":"(anonymous_3)","decl":{"start":{"line":22,"column":17},"end":{"line":22,"column":18}},"loc":{"start":{"line":22,"column":31},"end":{"line":22,"column":54}},"line":22},"4":{"name":"(anonymous_4)","decl":{"start":{"line":25,"column":16},"end":{"line":25,"column":17}},"loc":{"start":{"line":25,"column":30},"end":{"line":25,"column":54}},"line":25},"5":{"name":"mdExt","decl":{"start":{"line":28,"column":9},"end":{"line":28,"column":14}},"loc":{"start":{"line":28,"column":22},"end":{"line":30,"column":1}},"line":28},"6":{"name":"(anonymous_6)","decl":{"start":{"line":34,"column":16},"end":{"line":34,"column":17}},"loc":{"start":{"line":34,"column":31},"end":{"line":43,"column":1}},"line":34},"7":{"name":"(anonymous_7)","decl":{"start":{"line":35,"column":31},"end":{"line":35,"column":32}},"loc":{"start":{"line":35,"column":39},"end":{"line":41,"column":5}},"line":35},"8":{"name":"(anonymous_8)","decl":{"start":{"line":48,"column":17},"end":{"line":48,"column":18}},"loc":{"start":{"line":48,"column":32},"end":{"line":48,"column":65}},"line":48},"9":{"name":"(anonymous_9)","decl":{"start":{"line":53,"column":17},"end":{"line":53,"column":18}},"loc":{"start":{"line":53,"column":31},"end":{"line":68,"column":1}},"line":53},"10":{"name":"(anonymous_10)","decl":{"start":{"line":55,"column":20},"end":{"line":55,"column":21}},"loc":{"start":{"line":55,"column":43},"end":{"line":65,"column":5}},"line":55},"11":{"name":"(anonymous_11)","decl":{"start":{"line":72,"column":21},"end":{"line":72,"column":22}},"loc":{"start":{"line":72,"column":30},"end":{"line":105,"column":1}},"line":72},"12":{"name":"(anonymous_12)","decl":{"start":{"line":73,"column":32},"end":{"line":73,"column":33}},"loc":{"start":{"line":73,"column":41},"end":{"line":103,"column":1}},"line":73},"13":{"name":"(anonymous_13)","decl":{"start":{"line":75,"column":10},"end":{"line":75,"column":11}},"loc":{"start":{"line":75,"column":19},"end":{"line":93,"column":5}},"line":75},"14":{"name":"(anonymous_14)","decl":{"start":{"line":94,"column":11},"end":{"line":94,"column":12}},"loc":{"start":{"line":94,"column":17},"end":{"line":102,"column":5}},"line":94}},"branchMap":{"0":{"loc":{"start":{"line":29,"column":11},"end":{"line":29,"column":135}},"type":"binary-expr","locations":[{"start":{"line":29,"column":11},"end":{"line":29,"column":39}},{"start":{"line":29,"column":43},"end":{"line":29,"column":71}},{"start":{"line":29,"column":75},"end":{"line":29,"column":103}},{"start":{"line":29,"column":107},"end":{"line":29,"column":135}}],"line":29},"1":{"loc":{"start":{"line":36,"column":8},"end":{"line":40,"column":50}},"type":"if","locations":[{"start":{"line":36,"column":8},"end":{"line":40,"column":50}},{"start":{"line":36,"column":8},"end":{"line":40,"column":50}}],"line":36},"2":{"loc":{"start":{"line":37,"column":12},"end":{"line":39,"column":13}},"type":"if","locations":[{"start":{"line":37,"column":12},"end":{"line":39,"column":13}},{"start":{"line":37,"column":12},"end":{"line":39,"column":13}}],"line":37},"3":{"loc":{"start":{"line":57,"column":8},"end":{"line":64,"column":5}},"type":"if","locations":[{"start":{"line":57,"column":8},"end":{"line":64,"column":5}},{"start":{"line":57,"column":8},"end":{"line":64,"column":5}}],"line":57},"4":{"loc":{"start":{"line":76,"column":8},"end":{"line":92,"column":9}},"type":"if","locations":[{"start":{"line":76,"column":8},"end":{"line":92,"column":9}},{"start":{"line":76,"column":8},"end":{"line":92,"column":9}}],"line":76}},"s":{"0":1,"1":1,"2":1,"3":1,"4":1,"5":4,"6":1,"7":15,"8":1,"9":5,"10":1,"11":5,"12":1,"13":8,"14":13,"15":1,"16":1,"17":8,"18":10,"19":8,"20":3,"21":2,"22":4,"23":1,"24":5,"25":1,"26":1,"27":5,"28":5,"29":1,"30":1,"31":1,"32":1,"33":5,"34":1,"35":1,"36":3,"37":0,"38":0,"39":0,"40":0,"41":0,"42":0,"43":1},"f":{"0":4,"1":15,"2":5,"3":5,"4":8,"5":13,"6":8,"7":10,"8":5,"9":5,"10":1,"11":3,"12":0,"13":0,"14":0},"b":{"0":[13,5,5,5],"1":[8,2],"2":[3,5],"3":[1,0],"4":[0,0]},"_coverageSchema":"1a1c01bbd47fc00a2c39e90264f33305004495a9","hash":"4b42a02f4c90b3aea4e437c0eafddee2ee843379"}
}
