{"C:\\Users\\Astrid\\Desktop\\LABORATORIA\\PROYECTO_MDLINKS\\LIM014-mdlinks\\index.js": {"path":"C:\\Users\\Astrid\\Desktop\\LABORATORIA\\PROYECTO_MDLINKS\\LIM014-mdlinks\\index.js","statementMap":{"0":{"start":{"line":4,"column":11},"end":{"line":4,"column":24}},"1":{"start":{"line":5,"column":13},"end":{"line":5,"column":28}},"2":{"start":{"line":12,"column":20},"end":{"line":12,"column":59}},"3":{"start":{"line":12,"column":34},"end":{"line":12,"column":59}},"4":{"start":{"line":15,"column":22},"end":{"line":15,"column":58}},"5":{"start":{"line":15,"column":36},"end":{"line":15,"column":58}},"6":{"start":{"line":18,"column":15},"end":{"line":18,"column":59}},"7":{"start":{"line":18,"column":29},"end":{"line":18,"column":59}},"8":{"start":{"line":19,"column":20},"end":{"line":19,"column":69}},"9":{"start":{"line":19,"column":34},"end":{"line":19,"column":69}},"10":{"start":{"line":22,"column":17},"end":{"line":22,"column":54}},"11":{"start":{"line":22,"column":31},"end":{"line":22,"column":54}},"12":{"start":{"line":26,"column":4},"end":{"line":26,"column":71}},"13":{"start":{"line":30,"column":16},"end":{"line":30,"column":54}},"14":{"start":{"line":30,"column":30},"end":{"line":30,"column":54}},"15":{"start":{"line":33,"column":16},"end":{"line":33,"column":18}},"16":{"start":{"line":34,"column":24},"end":{"line":41,"column":1}},"17":{"start":{"line":35,"column":4},"end":{"line":39,"column":6}},"18":{"start":{"line":36,"column":8},"end":{"line":38,"column":9}},"19":{"start":{"line":37,"column":12},"end":{"line":37,"column":30}},"20":{"start":{"line":40,"column":4},"end":{"line":40,"column":18}},"21":{"start":{"line":59,"column":17},"end":{"line":59,"column":64}},"22":{"start":{"line":59,"column":31},"end":{"line":59,"column":64}},"23":{"start":{"line":62,"column":0},"end":{"line":71,"column":1}}},"fnMap":{"0":{"name":"(anonymous_0)","decl":{"start":{"line":12,"column":20},"end":{"line":12,"column":21}},"loc":{"start":{"line":12,"column":34},"end":{"line":12,"column":59}},"line":12},"1":{"name":"(anonymous_1)","decl":{"start":{"line":15,"column":22},"end":{"line":15,"column":23}},"loc":{"start":{"line":15,"column":36},"end":{"line":15,"column":58}},"line":15},"2":{"name":"(anonymous_2)","decl":{"start":{"line":18,"column":15},"end":{"line":18,"column":16}},"loc":{"start":{"line":18,"column":29},"end":{"line":18,"column":59}},"line":18},"3":{"name":"(anonymous_3)","decl":{"start":{"line":19,"column":20},"end":{"line":19,"column":21}},"loc":{"start":{"line":19,"column":34},"end":{"line":19,"column":69}},"line":19},"4":{"name":"(anonymous_4)","decl":{"start":{"line":22,"column":17},"end":{"line":22,"column":18}},"loc":{"start":{"line":22,"column":31},"end":{"line":22,"column":54}},"line":22},"5":{"name":"mdExt","decl":{"start":{"line":25,"column":9},"end":{"line":25,"column":14}},"loc":{"start":{"line":25,"column":22},"end":{"line":27,"column":1}},"line":25},"6":{"name":"(anonymous_6)","decl":{"start":{"line":30,"column":16},"end":{"line":30,"column":17}},"loc":{"start":{"line":30,"column":30},"end":{"line":30,"column":54}},"line":30},"7":{"name":"(anonymous_7)","decl":{"start":{"line":34,"column":24},"end":{"line":34,"column":25}},"loc":{"start":{"line":34,"column":38},"end":{"line":41,"column":1}},"line":34},"8":{"name":"(anonymous_8)","decl":{"start":{"line":35,"column":30},"end":{"line":35,"column":31}},"loc":{"start":{"line":35,"column":38},"end":{"line":39,"column":5}},"line":35},"9":{"name":"(anonymous_9)","decl":{"start":{"line":59,"column":17},"end":{"line":59,"column":18}},"loc":{"start":{"line":59,"column":31},"end":{"line":59,"column":64}},"line":59}},"branchMap":{"0":{"loc":{"start":{"line":26,"column":11},"end":{"line":26,"column":71}},"type":"binary-expr","locations":[{"start":{"line":26,"column":11},"end":{"line":26,"column":39}},{"start":{"line":26,"column":43},"end":{"line":26,"column":71}}],"line":26},"1":{"loc":{"start":{"line":36,"column":8},"end":{"line":38,"column":9}},"type":"if","locations":[{"start":{"line":36,"column":8},"end":{"line":38,"column":9}},{"start":{"line":36,"column":8},"end":{"line":38,"column":9}}],"line":36}},"s":{"0":1,"1":1,"2":1,"3":4,"4":1,"5":4,"6":1,"7":4,"8":1,"9":4,"10":1,"11":5,"12":4,"13":1,"14":4,"15":1,"16":1,"17":0,"18":0,"19":0,"20":0,"21":1,"22":5,"23":1},"f":{"0":4,"1":4,"2":4,"3":4,"4":5,"5":4,"6":4,"7":0,"8":0,"9":5},"b":{"0":[4,0],"1":[0,0]},"_coverageSchema":"1a1c01bbd47fc00a2c39e90264f33305004495a9","hash":"d16f2eddd068fc5916cc4941766d6a462283be91"}
}
