TN:
SF:index.js
FN:12,(anonymous_0)
FN:15,(anonymous_1)
FN:18,(anonymous_2)
FN:19,(anonymous_3)
FN:22,(anonymous_4)
FN:25,mdExt
FN:30,(anonymous_6)
FN:34,(anonymous_7)
FN:35,(anonymous_8)
FN:59,(anonymous_9)
FNF:10
FNH:8
FNDA:4,(anonymous_0)
FNDA:4,(anonymous_1)
FNDA:4,(anonymous_2)
FNDA:4,(anonymous_3)
FNDA:5,(anonymous_4)
FNDA:4,mdExt
FNDA:4,(anonymous_6)
FNDA:0,(anonymous_7)
FNDA:0,(anonymous_8)
FNDA:5,(anonymous_9)
DA:4,1
DA:5,1
DA:12,4
DA:15,4
DA:18,4
DA:19,4
DA:22,5
DA:26,4
DA:30,4
DA:33,1
DA:34,1
DA:35,0
DA:36,0
DA:37,0
DA:40,0
DA:59,5
DA:62,1
LF:17
LH:13
BRDA:26,0,0,4
BRDA:26,0,1,0
BRDA:36,1,0,0
BRDA:36,1,1,0
BRF:4
BRH:1
end_of_record
