TN:
SF:index.js
FN:12,(anonymous_0)
FN:15,(anonymous_1)
FN:18,(anonymous_2)
FN:19,(anonymous_3)
FN:22,(anonymous_4)
FN:25,(anonymous_5)
FN:28,mdExt
FN:34,(anonymous_7)
FN:35,(anonymous_8)
FN:46,(anonymous_9)
FN:50,(anonymous_10)
FN:52,(anonymous_11)
FN:70,(anonymous_12)
FN:70,(anonymous_13)
FN:72,(anonymous_14)
FN:81,(anonymous_15)
FNF:16
FNH:16
FNDA:1,(anonymous_0)
FNDA:4,(anonymous_1)
FNDA:17,(anonymous_2)
FNDA:5,(anonymous_3)
FNDA:5,(anonymous_4)
FNDA:8,(anonymous_5)
FNDA:15,mdExt
FNDA:8,(anonymous_7)
FNDA:12,(anonymous_8)
FNDA:6,(anonymous_9)
FNDA:6,(anonymous_10)
FNDA:1,(anonymous_11)
FNDA:6,(anonymous_12)
FNDA:3,(anonymous_13)
FNDA:2,(anonymous_14)
FNDA:1,(anonymous_15)
DA:5,1
DA:6,1
DA:7,1
DA:8,1
DA:12,1
DA:15,4
DA:18,17
DA:19,5
DA:22,5
DA:25,8
DA:29,15
DA:33,1
DA:34,1
DA:35,8
DA:36,12
DA:37,10
DA:38,4
DA:40,2
DA:42,4
DA:46,6
DA:49,1
DA:50,1
DA:51,6
DA:52,6
DA:53,1
DA:54,1
DA:55,1
DA:60,1
DA:64,6
DA:65,2
DA:70,6
DA:71,3
DA:73,2
DA:82,1
DA:100,1
LF:35
LH:35
BRDA:29,0,0,15
BRDA:29,0,1,6
BRDA:29,0,2,6
BRDA:29,0,3,6
BRDA:36,1,0,10
BRDA:36,1,1,2
BRDA:37,2,0,4
BRDA:37,2,1,6
BRDA:54,3,0,1
BRDA:54,3,1,0
BRDA:78,4,0,1
BRDA:78,4,1,1
BRF:12
BRH:11
end_of_record
